Arguments: 
  /usr/local/bin/node /usr/local/Cellar/yarn/1.22.4/libexec/bin/yarn.js add @fortawesome/fontawesome-free

PATH: 
  /usr/local/lib/node_modules/npm/node_modules/npm-lifecycle/node-gyp-bin:/Users/godwillmark/Desktop/Platform45/node_modules/.bin:/usr/local/bin:/usr/bin:/bin:/usr/sbin:/sbin:/Library/Apple/usr/bin:/Library/Apple/bin

Yarn version: 
  1.22.4

Node version: 
  10.16.2

Platform: 
  darwin x64

Trace: 
  Error: getaddrinfo ENOTFOUND registry.npmjs.org registry.npmjs.org:443
      at GetAddrInfoReqWrap.onlookup [as oncomplete] (dns.js:56:26)

npm manifest: 
  {
    "name": "platform45",
    "version": "1.0.0",
    "description": "Front-end Test",
    "main": "index.js",
    "scripts": {
      "dev": "rm -rf ./development && rm -rf ./.cache && parcel public/index.html --out-dir development -p 3000",
      "build": "parcel build public/index.html --out-dir dist --public-url ./",
      "start": "parcel index.html"
    },
    "author": "Godwill Moolman",
    "license": "ISC",
    "devDependencies": {
      "@babel/core": "^7.12.1",
      "@babel/plugin-transform-runtime": "^7.12.1",
      "@babel/runtime-corejs2": "^7.12.1",
      "parcel-bundler": "^1.12.4",
      "sass": "^1.27.0"
    },
    "dependencies": {
      "bootstrap": "^4.5.3",
      "jquery": "^3.5.1",
      "popper.js": "^1.16.1"
    }
  }

yarn manifest: 
  No manifest

Lockfile: 
  No lockfile
